make all --print-data-base --no-builtin-variables --no-builtin-rules --question
# GNU Make 4.2.1
# Built for x86_64-pc-linux-gnu
# Copyright (C) 1988-2016 Free Software Foundation, Inc.
# License GPLv3+: GNU GPL version 3 or later <http://gnu.org/licenses/gpl.html>
# This is free software: you are free to change and redistribute it.
# There is NO WARRANTY, to the extent permitted by law.

# Make data base, printed on Thu Jun 16 17:43:56 2022

# Variables

# automatic
<D = $(patsubst %/,%,$(dir $<))
# automatic
?F = $(notdir $?)
# environment
DESKTOP_SESSION = ubuntu
# default
.SHELLFLAGS := -c
# environment
XDG_SESSION_CLASS = user
# environment
XDG_SESSION_TYPE = x11
# environment
VSCODE_LOG_NATIVE = false
# automatic
?D = $(patsubst %/,%,$(dir $?))
# automatic
@D = $(patsubst %/,%,$(dir $@))
# environment
XAUTHORITY = /mnt/nfs/homes/nburat-d/.Xauthority
# environment
GDMSESSION = ubuntu
# environment
XMODIFIERS = @im=ibus
# makefile
CURDIR := /mnt/nfs/homes/nburat-d/Documents/cub3d
# makefile
SHELL = /bin/sh
# environment
VSCODE_NLS_CONFIG = {"locale":"en-us","availableLanguages":{},"_languagePackSupport":true}
# environment
_ = /usr/share/code/code
# makefile (from 'Makefile', line 7)
CFLAGS = -Wall -Wextra -Werror -MD
# makefile (from 'Makefile', line 47)
BLUE = \033[0;34m
# environment
JOURNAL_STREAM = 9:6602229
# environment
XDG_CONFIG_DIRS = /etc/xdg/xdg-ubuntu:/etc/xdg
# makefile (from 'objs/parsing/check.d', line 1)
MAKEFILE_LIST :=  Makefile objs/main.d objs/parsing/check.d
# automatic
@F = $(notdir $@)
# environment
GIO_LAUNCHED_DESKTOP_FILE = /usr/share/applications/code.desktop
# 'override' directive
GNUMAKEFLAGS := 
# environment
MANDATORY_PATH = /usr/share/gconf/ubuntu.mandatory.path
# environment
XDG_DATA_DIRS = /usr/share/gnome:/usr/share/ubuntu:/mnt/nfs/homes/nburat-d/.local/share/flatpak/exports/share:/var/lib/flatpak/exports/share:/usr/local/share:/usr/share:/var/lib/snapd/desktop
# environment
DBUS_SESSION_BUS_ADDRESS = unix:path=/run/user/40568/bus
# environment
VSCODE_VERBOSE_LOGGING = true
# makefile (from 'Makefile', line 9)
SILENT = --no-print-directory
# makefile (from 'Makefile', line 40)
OBJS = $(addprefix $(OBJ_PATH), ${SRCS:.c=.o})
# environment
MANAGERPID = 1294194
# environment
VSCODE_IPC_HOOK_EXTHOST = /run/user/40568/vscode-ipc-1aeb0458-08fc-48f6-9e7f-981cfbc38bc2.sock
# environment
VSCODE_CWD = /mnt/nfs/homes/nburat-d
# environment
XDG_SESSION_PATH = /org/freedesktop/DisplayManager/Session23
# environment
KRB5CCNAME = FILE:/tmp/krb5cc_40568_TvXBcx
# default
MAKE_HOST := x86_64-pc-linux-gnu
# environment
PATH = /mnt/nfs/homes/nburat-d/bin:/usr/local/sbin:/usr/local/bin:/usr/sbin:/usr/bin:/sbin:/bin:/usr/games:/usr/local/games:/snap/bin
# environment
GPG_AGENT_INFO = /run/user/40568/gnupg/S.gpg-agent:0:1
# environment
LSCOLORS = Gxfxcxdxbxegedabagacad
# environment
SESSION_MANAGER = local/e2r4p6.clusters.42paris.fr:@/tmp/.ICE-unix/1294668,unix/e2r4p6.clusters.42paris.fr:/tmp/.ICE-unix/1294668
# environment
XDG_RUNTIME_DIR = /run/user/40568
# makefile (from 'Makefile', line 31)
SRC_PATH = ./srcs/
# environment
XDG_MENU_PREFIX = gnome-
# environment
VSCODE_LOG_STACK = false
# environment
ELECTRON_RUN_AS_NODE = 1
# environment
INVOCATION_ID = f58f338d8edd480da2e92181c7dcd294
# makefile (from 'Makefile', line 8)
LDFLAGS = -Wall -Wextra -Werror
# default
.FEATURES := target-specific order-only second-expansion else-if shortest-stem undefine oneshell archives jobserver output-sync check-symlink load
# makefile (from 'Makefile', line 41)
DEPENDS = $(addprefix $(OBJ_PATH), ${SRCS:.c=.d})
# environment
XDG_GREETER_DATA_DIR = /var/lib/lightdm-data/nburat-d
# environment
LS_COLORS = 
# environment
XDG_SESSION_DESKTOP = ubuntu
# environment
SSH_AUTH_SOCK = /run/user/40568/keyring/ssh
# environment
GIO_LAUNCHED_DESKTOP_FILE_PID = 1313547
# automatic
%F = $(notdir $%)
# environment
DISPLAY = :0
# environment
VSCODE_PIPE_LOGGING = true
# environment
PWD = /mnt/nfs/homes/nburat-d/Documents/cub3d
# default
.LOADED := 
# environment
SSH_AGENT_PID = 1294627
# environment
ORIGINAL_XDG_CURRENT_DESKTOP = ubuntu:GNOME
# makefile (from 'Makefile', line 49)
GREEN = \033[0;32m
# environment
GTK_MODULES = gail:atk-bridge
# environment
VSCODE_AMD_ENTRYPOINT = vs/workbench/api/node/extensionHostProcess
# environment
HOME = /mnt/nfs/homes/nburat-d
# environment
VSCODE_CODE_CACHE_PATH = /mnt/nfs/homes/nburat-d/.config/Code/CachedData/c3511e6c69bb39013c4a4b7b9566ec1ca73fc4d5
# environment
LOGNAME = nburat-d
# environment
APPLICATION_INSIGHTS_NO_DIAGNOSTIC_CHANNEL = 1
# environment
ZSH = /mnt/nfs/homes/nburat-d/.oh-my-zsh
# environment
VSCODE_HANDLES_UNCAUGHT_ERRORS = true
# environment
GNOME_DESKTOP_SESSION_ID = this-is-deprecated
# automatic
^D = $(patsubst %/,%,$(dir $^))
# environment
MAKELEVEL := 0
# default
MAKE = $(MAKE_COMMAND)
# default
MAKECMDGOALS := all
# environment
QT_IM_MODULE = ibus
# makefile (from 'Makefile', line 15)
SRCS = main.c parsing/check.c parsing/init.c 
# environment
SHLVL = 0
# makefile (from 'Makefile', line 33)
PATH_TO_LIBFT = ./libft/
# makefile (from 'Makefile', line 6)
CC = gcc
# environment
IM_CONFIG_PHASE = 1
# default
MAKE_VERSION := 4.2.1
# environment
USER = nburat-d
# makefile
.DEFAULT_GOAL := all
# environment
XDG_CURRENT_DESKTOP = Unity
# environment
LIBVIRT_DEFAULT_URI = qemu:///system
# environment
LESS = -R
# automatic
%D = $(patsubst %/,%,$(dir $%))
# default
MAKE_COMMAND := make
# makefile (from 'Makefile', line 24)
INC = -I ./includes/ -I ./libft/
# environment
OLDPWD = /mnt/nfs/homes/nburat-d
# default
.VARIABLES := 
# automatic
*F = $(notdir $*)
# environment
XDG_SEAT_PATH = /org/freedesktop/DisplayManager/Seat0
# environment
VSCODE_IPC_HOOK = /run/user/40568/vscode-2ba08e64-1.67.2-main.sock
# makefile (from 'Makefile', line 48)
RED = \033[0;31m
# makefile
MAKEFLAGS = pqrR
# environment
MFLAGS = -pqrR
# automatic
*D = $(patsubst %/,%,$(dir $*))
# automatic
+D = $(patsubst %/,%,$(dir $+))
# environment
GDK_BACKEND = x11
# automatic
+F = $(notdir $+)
# environment
QT_ACCESSIBILITY = 1
# environment
DEFAULTS_PATH = /usr/share/gconf/ubuntu.default.path
# default
MAKEFILES := 
# automatic
<F = $(notdir $<)
# environment
PAGER = less
# environment
LC_ALL = C
# makefile (from 'Makefile', line 32)
OBJ_PATH = ./objs/
# environment
GJS_DEBUG_TOPICS = JS ERROR;JS LOG
# automatic
^F = $(notdir $^)
# default
SUFFIXES := 
# environment
CHROME_DESKTOP = code-url-handler.desktop
# default
.INCLUDE_DIRS = /usr/include /usr/local/include /usr/include
# environment
GJS_DEBUG_OUTPUT = stderr
# makefile (from 'Makefile', line 1)
NAME = cub3d
# default
.RECIPEPREFIX := 
# environment
LANG = C
# environment
DOCKER_HOST = unix:///run/user/40568/docker.sock
# environment
VSCODE_PID = 1313547
# makefile (from 'Makefile', line 50)
NO_COLOR = \033[m
# variable set hash-table stats:
# Load=121/1024=12%, Rehash=0, Collisions=23/164=14%

# Pattern-specific Variable Values

# No pattern-specific variable values.

# Directories

# . (device 58, inode 211762371): 14 files, no impossibilities.
# srcs (device 58, inode 222632970): No files, no impossibilities so far.

# 14 files, no impossibilities in 2 directories.

# Implicit Rules

objs/%.o: srcs/%.c
#  recipe to execute (from 'Makefile', line 66):
	@mkdir -p $(dir $@)
	@$(CC)  $(CFLAGS) -L $(PATH_TO_LIBFT) -c -o $@ $<  $(INC) -lft

# 1 implicit rules, 0 (0.0%) terminal.

# Files

# Not a target:
objs/parsing/init.d:
 
#  Implicit rule search has been done.
#  File does not exist.
#  File has been updated.
#  Failed to be updated.

# Not a target:
objs/parsing/check.d:
#  Implicit rule search has been done.
#  Last modified 2022-06-16 16:47:56.493523176
#  File has been updated.
#  Successfully updated.

# Not a target:
/usr/include/unistd.h:
#  Implicit rule search has not been done.
#  Modification time never checked.
#  File has not been updated.

# Not a target:
/usr/include/x86_64-linux-gnu/bits/mathcalls.h:
#  Implicit rule search has not been done.
#  Modification time never checked.
#  File has not been updated.

# Not a target:
/usr/include/x86_64-linux-gnu/bits/endian.h:
#  Implicit rule search has not been done.
#  Modification time never checked.
#  File has not been updated.

# Not a target:
includes/cub3d.h:
#  Implicit rule search has not been done.
#  Modification time never checked.
#  File has not been updated.

# Not a target:
/usr/include/x86_64-linux-gnu/bits/libc-header-start.h:
#  Implicit rule search has not been done.
#  Modification time never checked.
#  File has not been updated.

MAKELIBFT:
#  Implicit rule search has not been done.
#  Implicit/static pattern stem: ''
#  File does not exist.
#  File has been updated.
#  Needs to be updated (-q is set).
# automatic
# @ := MAKELIBFT
# automatic
# % := 
# automatic
# * := 
# automatic
# + := 
# automatic
# | := 
# automatic
# < := 
# automatic
# ^ := 
# automatic
# ? := 
# variable set hash-table stats:
# Load=8/32=25%, Rehash=0, Collisions=1/13=8%
#  recipe to execute (from 'Makefile', line 71):
	@make -C $(PATH_TO_LIBFT) $(SILENT)

objs/main.o: srcs/main.c /usr/include/stdc-predef.h includes/cub3d.h libft/libft.h /usr/lib/gcc/x86_64-linux-gnu/10/include/stddef.h /usr/include/stdlib.h /usr/include/x86_64-linux-gnu/bits/libc-header-start.h /usr/include/features.h /usr/include/x86_64-linux-gnu/sys/cdefs.h /usr/include/x86_64-linux-gnu/bits/wordsize.h /usr/include/x86_64-linux-gnu/bits/long-double.h /usr/include/x86_64-linux-gnu/gnu/stubs.h /usr/include/x86_64-linux-gnu/gnu/stubs-64.h /usr/include/x86_64-linux-gnu/bits/waitflags.h /usr/include/x86_64-linux-gnu/bits/waitstatus.h /usr/include/x86_64-linux-gnu/bits/floatn.h /usr/include/x86_64-linux-gnu/bits/floatn-common.h /usr/include/x86_64-linux-gnu/sys/types.h /usr/include/x86_64-linux-gnu/bits/types.h /usr/include/x86_64-linux-gnu/bits/timesize.h /usr/include/x86_64-linux-gnu/bits/typesizes.h /usr/include/x86_64-linux-gnu/bits/time64.h /usr/include/x86_64-linux-gnu/bits/types/clock_t.h /usr/include/x86_64-linux-gnu/bits/types/clockid_t.h /usr/include/x86_64-linux-gnu/bits/types/time_t.h /usr/include/x86_64-linux-gnu/bits/types/timer_t.h /usr/include/x86_64-linux-gnu/bits/stdint-intn.h /usr/include/endian.h /usr/include/x86_64-linux-gnu/bits/endian.h /usr/include/x86_64-linux-gnu/bits/endianness.h /usr/include/x86_64-linux-gnu/bits/byteswap.h /usr/include/x86_64-linux-gnu/bits/uintn-identity.h /usr/include/x86_64-linux-gnu/sys/select.h /usr/include/x86_64-linux-gnu/bits/select.h /usr/include/x86_64-linux-gnu/bits/types/sigset_t.h /usr/include/x86_64-linux-gnu/bits/types/__sigset_t.h /usr/include/x86_64-linux-gnu/bits/types/struct_timeval.h /usr/include/x86_64-linux-gnu/bits/types/struct_timespec.h /usr/include/x86_64-linux-gnu/bits/pthreadtypes.h /usr/include/x86_64-linux-gnu/bits/thread-shared-types.h /usr/include/x86_64-linux-gnu/bits/pthreadtypes-arch.h /usr/include/x86_64-linux-gnu/bits/struct_mutex.h /usr/include/x86_64-linux-gnu/bits/struct_rwlock.h /usr/include/alloca.h /usr/include/x86_64-linux-gnu/bits/stdlib-float.h /usr/include/unistd.h /usr/include/x86_64-linux-gnu/bits/posix_opt.h /usr/include/x86_64-linux-gnu/bits/environments.h /usr/include/x86_64-linux-gnu/bits/confname.h /usr/include/x86_64-linux-gnu/bits/getopt_posix.h /usr/include/x86_64-linux-gnu/bits/getopt_core.h /usr/include/x86_64-linux-gnu/bits/unistd_ext.h libft/get_next_line.h /usr/include/fcntl.h /usr/include/x86_64-linux-gnu/bits/fcntl.h /usr/include/x86_64-linux-gnu/bits/fcntl-linux.h /usr/include/x86_64-linux-gnu/bits/stat.h /usr/include/string.h /usr/include/x86_64-linux-gnu/bits/types/locale_t.h /usr/include/x86_64-linux-gnu/bits/types/__locale_t.h /usr/include/strings.h /usr/include/stdio.h /usr/lib/gcc/x86_64-linux-gnu/10/include/stdarg.h /usr/include/x86_64-linux-gnu/bits/types/__fpos_t.h /usr/include/x86_64-linux-gnu/bits/types/__mbstate_t.h /usr/include/x86_64-linux-gnu/bits/types/__fpos64_t.h /usr/include/x86_64-linux-gnu/bits/types/__FILE.h /usr/include/x86_64-linux-gnu/bits/types/FILE.h /usr/include/x86_64-linux-gnu/bits/types/struct_FILE.h /usr/include/x86_64-linux-gnu/bits/stdio_lim.h /usr/include/x86_64-linux-gnu/bits/sys_errlist.h /usr/include/math.h /usr/include/x86_64-linux-gnu/bits/math-vector.h /usr/include/x86_64-linux-gnu/bits/libm-simd-decl-stubs.h /usr/include/x86_64-linux-gnu/bits/flt-eval-method.h /usr/include/x86_64-linux-gnu/bits/fp-logb.h /usr/include/x86_64-linux-gnu/bits/fp-fast.h /usr/include/x86_64-linux-gnu/bits/mathcalls-helper-functions.h /usr/include/x86_64-linux-gnu/bits/mathcalls.h includes/struct.h includes/cub3d.h includes/parsing.h
#  Implicit rule search has not been done.
#  Modification time never checked.
#  File has not been updated.

# Not a target:
/usr/include/x86_64-linux-gnu/bits/fcntl.h:
#  Implicit rule search has not been done.
#  Modification time never checked.
#  File has not been updated.

# Not a target:
/usr/include/x86_64-linux-gnu/bits/types/__FILE.h:
#  Implicit rule search has not been done.
#  Modification time never checked.
#  File has not been updated.

# Not a target:
/usr/include/stdio.h:
#  Implicit rule search has not been done.
#  Modification time never checked.
#  File has not been updated.

all: MAKELIBFT
#  Phony target (prerequisite of .PHONY).
#  Command line target.
#  Implicit rule search has not been done.
#  File does not exist.
#  File has been updated.
#  Needs to be updated (-q is set).
# variable set hash-table stats:
# Load=0/32=0%, Rehash=0, Collisions=0/5=0%
#  recipe to execute (from 'Makefile', line 57):
	@make compilation
	@make $(NAME)
	@make completed

.PHONY: all clean fclean re compilation completed linking clean_files clean_exec
#  Implicit rule search has not been done.
#  Modification time never checked.
#  File has not been updated.

# Not a target:
/usr/include/x86_64-linux-gnu/bits/endianness.h:
#  Implicit rule search has not been done.
#  Modification time never checked.
#  File has not been updated.

# Not a target:
/usr/include/x86_64-linux-gnu/bits/posix_opt.h:
#  Implicit rule search has not been done.
#  Modification time never checked.
#  File has not been updated.

# Not a target:
/usr/include/x86_64-linux-gnu/bits/types/__fpos_t.h:
#  Implicit rule search has not been done.
#  Modification time never checked.
#  File has not been updated.

# Not a target:
/usr/include/x86_64-linux-gnu/bits/pthreadtypes-arch.h:
#  Implicit rule search has not been done.
#  Modification time never checked.
#  File has not been updated.

# Not a target:
/usr/include/x86_64-linux-gnu/bits/types/__fpos64_t.h:
#  Implicit rule search has not been done.
#  Modification time never checked.
#  File has not been updated.

# Not a target:
/usr/include/x86_64-linux-gnu/bits/libm-simd-decl-stubs.h:
#  Implicit rule search has not been done.
#  Modification time never checked.
#  File has not been updated.

cub3d: linking objs/main.o objs/parsing/check.o objs/parsing/init.o
#  Implicit rule search has not been done.
#  Modification time never checked.
#  File has not been updated.
#  recipe to execute (from 'Makefile', line 62):
	@$(CC) $(LDFLAGS) -L $(PATH_TO_LIBFT) -o $@ $(OBJS) $(INC) -lft
	

# Not a target:
includes/struct.h:
#  Implicit rule search has not been done.
#  Modification time never checked.
#  File has not been updated.

# Not a target:
/usr/include/x86_64-linux-gnu/gnu/stubs.h:
#  Implicit rule search has not been done.
#  Modification time never checked.
#  File has not been updated.

# Not a target:
/usr/include/x86_64-linux-gnu/bits/types/sigset_t.h:
#  Implicit rule search has not been done.
#  Modification time never checked.
#  File has not been updated.

# Not a target:
/usr/include/x86_64-linux-gnu/bits/fp-fast.h:
#  Implicit rule search has not been done.
#  Modification time never checked.
#  File has not been updated.

# Not a target:
.SUFFIXES:
#  Implicit rule search has not been done.
#  Modification time never checked.
#  File has not been updated.

# Not a target:
/usr/include/x86_64-linux-gnu/bits/waitflags.h:
#  Implicit rule search has not been done.
#  Modification time never checked.
#  File has not been updated.

# Not a target:
/usr/include/alloca.h:
#  Implicit rule search has not been done.
#  Modification time never checked.
#  File has not been updated.

# Not a target:
Makefile:
#  Implicit rule search has been done.
#  Last modified 2022-06-16 16:51:47.445411318
#  File has been updated.
#  Successfully updated.

# Not a target:
srcs/main.c:
#  Implicit rule search has not been done.
#  Modification time never checked.
#  File has not been updated.

# Not a target:
/usr/include/strings.h:
#  Implicit rule search has not been done.
#  Modification time never checked.
#  File has not been updated.

# Not a target:
objs/parsing/init.o:
#  Implicit rule search has not been done.
#  Modification time never checked.
#  File has not been updated.

# Not a target:
/usr/include/x86_64-linux-gnu/bits/floatn.h:
#  Implicit rule search has not been done.
#  Modification time never checked.
#  File has not been updated.

# Not a target:
/usr/include/x86_64-linux-gnu/bits/select.h:
#  Implicit rule search has not been done.
#  Modification time never checked.
#  File has not been updated.

objs/parsing/check.o: srcs/parsing/check.c /usr/include/stdc-predef.h includes/parsing.h includes/cub3d.h libft/libft.h /usr/lib/gcc/x86_64-linux-gnu/10/include/stddef.h /usr/include/stdlib.h /usr/include/x86_64-linux-gnu/bits/libc-header-start.h /usr/include/features.h /usr/include/x86_64-linux-gnu/sys/cdefs.h /usr/include/x86_64-linux-gnu/bits/wordsize.h /usr/include/x86_64-linux-gnu/bits/long-double.h /usr/include/x86_64-linux-gnu/gnu/stubs.h /usr/include/x86_64-linux-gnu/gnu/stubs-64.h /usr/include/x86_64-linux-gnu/bits/waitflags.h /usr/include/x86_64-linux-gnu/bits/waitstatus.h /usr/include/x86_64-linux-gnu/bits/floatn.h /usr/include/x86_64-linux-gnu/bits/floatn-common.h /usr/include/x86_64-linux-gnu/sys/types.h /usr/include/x86_64-linux-gnu/bits/types.h /usr/include/x86_64-linux-gnu/bits/timesize.h /usr/include/x86_64-linux-gnu/bits/typesizes.h /usr/include/x86_64-linux-gnu/bits/time64.h /usr/include/x86_64-linux-gnu/bits/types/clock_t.h /usr/include/x86_64-linux-gnu/bits/types/clockid_t.h /usr/include/x86_64-linux-gnu/bits/types/time_t.h /usr/include/x86_64-linux-gnu/bits/types/timer_t.h /usr/include/x86_64-linux-gnu/bits/stdint-intn.h /usr/include/endian.h /usr/include/x86_64-linux-gnu/bits/endian.h /usr/include/x86_64-linux-gnu/bits/endianness.h /usr/include/x86_64-linux-gnu/bits/byteswap.h /usr/include/x86_64-linux-gnu/bits/uintn-identity.h /usr/include/x86_64-linux-gnu/sys/select.h /usr/include/x86_64-linux-gnu/bits/select.h /usr/include/x86_64-linux-gnu/bits/types/sigset_t.h /usr/include/x86_64-linux-gnu/bits/types/__sigset_t.h /usr/include/x86_64-linux-gnu/bits/types/struct_timeval.h /usr/include/x86_64-linux-gnu/bits/types/struct_timespec.h /usr/include/x86_64-linux-gnu/bits/pthreadtypes.h /usr/include/x86_64-linux-gnu/bits/thread-shared-types.h /usr/include/x86_64-linux-gnu/bits/pthreadtypes-arch.h /usr/include/x86_64-linux-gnu/bits/struct_mutex.h /usr/include/x86_64-linux-gnu/bits/struct_rwlock.h /usr/include/alloca.h /usr/include/x86_64-linux-gnu/bits/stdlib-float.h /usr/include/unistd.h /usr/include/x86_64-linux-gnu/bits/posix_opt.h /usr/include/x86_64-linux-gnu/bits/environments.h /usr/include/x86_64-linux-gnu/bits/confname.h /usr/include/x86_64-linux-gnu/bits/getopt_posix.h /usr/include/x86_64-linux-gnu/bits/getopt_core.h /usr/include/x86_64-linux-gnu/bits/unistd_ext.h libft/get_next_line.h /usr/include/fcntl.h /usr/include/x86_64-linux-gnu/bits/fcntl.h /usr/include/x86_64-linux-gnu/bits/fcntl-linux.h /usr/include/x86_64-linux-gnu/bits/stat.h /usr/include/string.h /usr/include/x86_64-linux-gnu/bits/types/locale_t.h /usr/include/x86_64-linux-gnu/bits/types/__locale_t.h /usr/include/strings.h /usr/include/stdio.h /usr/lib/gcc/x86_64-linux-gnu/10/include/stdarg.h /usr/include/x86_64-linux-gnu/bits/types/__fpos_t.h /usr/include/x86_64-linux-gnu/bits/types/__mbstate_t.h /usr/include/x86_64-linux-gnu/bits/types/__fpos64_t.h /usr/include/x86_64-linux-gnu/bits/types/__FILE.h /usr/include/x86_64-linux-gnu/bits/types/FILE.h /usr/include/x86_64-linux-gnu/bits/types/struct_FILE.h /usr/include/x86_64-linux-gnu/bits/stdio_lim.h /usr/include/x86_64-linux-gnu/bits/sys_errlist.h /usr/include/math.h /usr/include/x86_64-linux-gnu/bits/math-vector.h /usr/include/x86_64-linux-gnu/bits/libm-simd-decl-stubs.h /usr/include/x86_64-linux-gnu/bits/flt-eval-method.h /usr/include/x86_64-linux-gnu/bits/fp-logb.h /usr/include/x86_64-linux-gnu/bits/fp-fast.h /usr/include/x86_64-linux-gnu/bits/mathcalls-helper-functions.h /usr/include/x86_64-linux-gnu/bits/mathcalls.h includes/struct.h includes/parsing.h
#  Implicit rule search has not been done.
#  Modification time never checked.
#  File has not been updated.

# Not a target:
/usr/include/x86_64-linux-gnu/bits/pthreadtypes.h:
#  Implicit rule search has not been done.
#  Modification time never checked.
#  File has not been updated.

test: all
#  Implicit rule search has not been done.
#  Modification time never checked.
#  File has not been updated.
#  recipe to execute (from 'Makefile', line 87):
	./$(NAME)

linking:
#  Phony target (prerequisite of .PHONY).
#  Implicit rule search has not been done.
#  File does not exist.
#  File has not been updated.
#  recipe to execute (from 'Makefile', line 107):
	@echo "$(NAME) Linking in progress..."
	

completed:
#  Phony target (prerequisite of .PHONY).
#  Implicit rule search has not been done.
#  File does not exist.
#  File has not been updated.
#  recipe to execute (from 'Makefile', line 102):
	@echo "$(GREEN)"
	@echo "$(NAME) -- Compilation complete !"
	@echo "$(NO_COLOR)"
	

# Not a target:
includes/parsing.h:
#  Implicit rule search has not been done.
 
#  Modification time never checked.
#  File has not been updated.

# Not a target:
/usr/include/x86_64-linux-gnu/bits/struct_mutex.h:
#  Implicit rule search has not been done.
#  Modification time never checked.
#  File has not been updated.

# Not a target:
/usr/include/x86_64-linux-gnu/bits/long-double.h:
#  Implicit rule search has not been done.
#  Modification time never checked.
#  File has not been updated.

# Not a target:
/usr/include/features.h:
#  Implicit rule search has not been done.
#  Modification time never checked.
#  File has not been updated.

# Not a target:
/usr/include/x86_64-linux-gnu/bits/types/time_t.h:
#  Implicit rule search has not been done.
#  Modification time never checked.
#  File has not been updated.

# Not a target:
libft/get_next_line.h:
#  Implicit rule search has not been done.
#  Modification time never checked.
#  File has not been updated.

# Not a target:
/usr/include/x86_64-linux-gnu/bits/environments.h:
#  Implicit rule search has not been done.
#  Modification time never checked.
#  File has not been updated.

clean_exec:
#  Phony target (prerequisite of .PHONY).
#  Implicit rule search has not been done.
#  File does not exist.
#  File has not been updated.
#  recipe to execute (from 'Makefile', line 113):
	@echo "$(NAME) Cleaning executable..."

fclean: clean clean_exec
#  Phony target (prerequisite of .PHONY).
#  Implicit rule search has not been done.
#  File does not exist.
#  File has not been updated.
#  recipe to execute (from 'Makefile', line 80):
	make fclean -C $(PATH_TO_LIBFT) $(SILENT)
	@rm -f $(NAME)

# Not a target:
/usr/include/string.h:
#  Implicit rule search has not been done.
#  Modification time never checked.
#  File has not been updated.

# Not a target:
/usr/include/x86_64-linux-gnu/bits/types/clock_t.h:
#  Implicit rule search has not been done.
#  Modification time never checked.
#  File has not been updated.

# Not a target:
/usr/include/x86_64-linux-gnu/bits/types/struct_timespec.h:
#  Implicit rule search has not been done.
#  Modification time never checked.
#  File has not been updated.

# Not a target:
/usr/include/stdlib.h:
#  Implicit rule search has not been done.
#  Modification time never checked.
#  File has not been updated.

# Not a target:
srcs/parsing/check.c:
#  Implicit rule search has not been done.
#  Modification time never checked.
#  File has not been updated.

# Not a target:
/usr/include/endian.h:
#  Implicit rule search has not been done.
#  Modification time never checked.
#  File has not been updated.

# Not a target:
/usr/include/x86_64-linux-gnu/bits/stat.h:
#  Implicit rule search has not been done.
#  Modification time never checked.
#  File has not been updated.

# Not a target:
/usr/include/x86_64-linux-gnu/bits/stdint-intn.h:
#  Implicit rule search has not been done.
#  Modification time never checked.
#  File has not been updated.

# Not a target:
/usr/include/x86_64-linux-gnu/bits/stdlib-float.h:
#  Implicit rule search has not been done.
#  Modification time never checked.
#  File has not been updated.

# Not a target:
/usr/include/fcntl.h:
#  Implicit rule search has not been done.
#  Modification time never checked.
#  File has not been updated.

# Not a target:
.DEFAULT:
#  Implicit rule search has not been done.
#  Modification time never checked.
#  File has not been updated.

# Not a target:
/usr/include/x86_64-linux-gnu/bits/types/__sigset_t.h:
#  Implicit rule search has not been done.
#  Modification time never checked.
#  File has not been updated.

# Not a target:
/usr/include/x86_64-linux-gnu/bits/stdio_lim.h:
#  Implicit rule search has not been done.
#  Modification time never checked.
#  File has not been updated.

# Not a target:
/usr/include/x86_64-linux-gnu/bits/types/__mbstate_t.h:
#  Implicit rule search has not been done.
#  Modification time never checked.
#  File has not been updated.

# Not a target:
/usr/include/x86_64-linux-gnu/bits/unistd_ext.h:
#  Implicit rule search has not been done.
#  Modification time never checked.
#  File has not been updated.

# Not a target:
/usr/include/x86_64-linux-gnu/bits/math-vector.h:
#  Implicit rule search has not been done.
#  Modification time never checked.
#  File has not been updated.

# Not a target:
/usr/include/x86_64-linux-gnu/bits/types/clockid_t.h:
#  Implicit rule search has not been done.
#  Modification time never checked.
#  File has not been updated.

# Not a target:
/usr/include/x86_64-linux-gnu/bits/confname.h:
#  Implicit rule search has not been done.
#  Modification time never checked.
#  File has not been updated.

# Not a target:
/usr/include/x86_64-linux-gnu/bits/floatn-common.h:
#  Implicit rule search has not been done.
#  Modification time never checked.
#  File has not been updated.

re: fclean
#  Phony target (prerequisite of .PHONY).
#  Implicit rule search has not been done.
#  File does not exist.
#  File has not been updated.
#  recipe to execute (from 'Makefile', line 84):
			make all $(SILENT)

clean: clean_files
#  Phony target (prerequisite of .PHONY).
#  Implicit rule search has not been done.
#  File does not exist.
#  File has not been updated.
#  recipe to execute (from 'Makefile', line 74):
	make clean -C $(PATH_TO_LIBFT) $(SILENT)
	@rm -f $(OBJS)
	@rm -f $(OBJ_PATH)$(DEPENDS)
	@rm -rf $(OBJ_PATH)

# Not a target:
/usr/include/x86_64-linux-gnu/bits/types/locale_t.h:
#  Implicit rule search has not been done.
#  Modification time never checked.
#  File has not been updated.

# Not a target:
/usr/lib/gcc/x86_64-linux-gnu/10/include/stdarg.h:
#  Implicit rule search has not been done.
#  Modification time never checked.
#  File has not been updated.

# Not a target:
/usr/include/x86_64-linux-gnu/bits/types/struct_FILE.h:
#  Implicit rule search has not been done.
#  Modification time never checked.
#  File has not been updated.

# Not a target:
/usr/include/x86_64-linux-gnu/bits/types/__locale_t.h:
#  Implicit rule search has not been done.
#  Modification time never checked.
#  File has not been updated.

# Not a target:
/usr/include/x86_64-linux-gnu/bits/struct_rwlock.h:
#  Implicit rule search has not been done.
#  Modification time never checked.
#  File has not been updated.

# Not a target:
/usr/include/x86_64-linux-gnu/sys/select.h:
#  Implicit rule search has not been done.
#  Modification time never checked.
#  File has not been updated.

# Not a target:
/usr/include/x86_64-linux-gnu/bits/fcntl-linux.h:
#  Implicit rule search has not been done.
#  Modification time never checked.
#  File has not been updated.

# Not a target:
/usr/include/x86_64-linux-gnu/bits/types.h:
#  Implicit rule search has not been done.
#  Modification time never checked.
#  File has not been updated.

clean_files:
#  Phony target (prerequisite of .PHONY).
#  Implicit rule search has not been done.
#  File does not exist.
#  File has not been updated.
#  recipe to execute (from 'Makefile', line 110):
	@echo "$(NAME) Cleaning files..."
	

# Not a target:
objs/main.d:
#  Implicit rule search has been done.
#  Last modified 2022-06-16 16:49:49.497468444
#  File has been updated.
#  Successfully updated.

# Not a target:
/usr/include/x86_64-linux-gnu/bits/types/timer_t.h:
#  Implicit rule search has not been done.
#  Modification time never checked.
#  File has not been updated.

# Not a target:
/usr/include/x86_64-linux-gnu/bits/wordsize.h:
#  Implicit rule search has not been done.
#  Modification time never checked.
#  File has not been updated.

# Not a target:
/usr/include/x86_64-linux-gnu/bits/byteswap.h:
#  Implicit rule search has not been done.
#  Modification time never checked.
#  File has not been updated.

# Not a target:
/usr/include/x86_64-linux-gnu/bits/types/struct_timeval.h:
#  Implicit rule search has not been done.
#  Modification time never checked.
#  File has not been updated.

# Not a target:
 
/usr/include/math.h:
#  Implicit rule search has not been done.
#  Modification time never checked.
#  File has not been updated.

# Not a target:
/usr/include/x86_64-linux-gnu/sys/types.h:
#  Implicit rule search has not been done.
#  Modification time never checked.
#  File has not been updated.

# Not a target:
libft/libft.h:
#  Implicit rule search has not been done.
#  Modification time never checked.
#  File has not been updated.

# Not a target:
/usr/include/x86_64-linux-gnu/sys/cdefs.h:
#  Implicit rule search has not been done.
#  Modification time never checked.
#  File has not been updated.

# Not a target:
/usr/include/x86_64-linux-gnu/bits/waitstatus.h:
#  Implicit rule search has not been done.
#  Modification time never checked.
#  File has not been updated.

# Not a target:
/usr/include/x86_64-linux-gnu/bits/sys_errlist.h:
#  Implicit rule search has not been done.
#  Modification time never checked.
#  File has not been updated.

# Not a target:
/usr/include/x86_64-linux-gnu/bits/getopt_posix.h:
#  Implicit rule search has not been done.
#  Modification time never checked.
#  File has not been updated.

# Not a target:
/usr/include/x86_64-linux-gnu/bits/timesize.h:
#  Implicit rule search has not been done.
#  Modification time never checked.
#  File has not been updated.

# Not a target:
/usr/include/x86_64-linux-gnu/bits/typesizes.h:
#  Implicit rule search has not been done.
#  Modification time never checked.
#  File has not been updated.

# Not a target:
/usr/lib/gcc/x86_64-linux-gnu/10/include/stddef.h:
#  Implicit rule search has not been done.
#  Modification time never checked.
#  File has not been updated.

# Not a target:
/usr/include/x86_64-linux-gnu/gnu/stubs-64.h:
#  Implicit rule search has not been done.
#  Modification time never checked.
#  File has not been updated.

# Not a target:
/usr/include/x86_64-linux-gnu/bits/getopt_core.h:
#  Implicit rule search has not been done.
#  Modification time never checked.
#  File has not been updated.

# Not a target:
/usr/include/x86_64-linux-gnu/bits/flt-eval-method.h:
#  Implicit rule search has not been done.
#  Modification time never checked.
#  File has not been updated.

# Not a target:
/usr/include/x86_64-linux-gnu/bits/time64.h:
#  Implicit rule search has not been done.
#  Modification time never checked.
#  File has not been updated.

# Not a target:
/usr/include/stdc-predef.h:
#  Implicit rule search has not been done.
#  Modification time never checked.
#  File has not been updated.

compilation:
#  Phony target (prerequisite of .PHONY).
#  Implicit rule search has not been done.
#  File does not exist.
#  File has not been updated.
#  recipe to execute (from 'Makefile', line 99):
	@echo "$(NAME) Compilation in progress..."
	

# Not a target:
/usr/include/x86_64-linux-gnu/bits/uintn-identity.h:
#  Implicit rule search has not been done.
#  Modification time never checked.
#  File has not been updated.

# Not a target:
/usr/include/x86_64-linux-gnu/bits/fp-logb.h:
#  Implicit rule search has not been done.
#  Modification time never checked.
#  File has not been updated.

# Not a target:
/usr/include/x86_64-linux-gnu/bits/mathcalls-helper-functions.h:
#  Implicit rule search has not been done.
#  Modification time never checked.
#  File has not been updated.

# Not a target:
/usr/include/x86_64-linux-gnu/bits/thread-shared-types.h:
#  Implicit rule search has not been done.
#  Modification time never checked.
#  File has not been updated.

# Not a target:
/usr/include/x86_64-linux-gnu/bits/types/FILE.h:
#  Implicit rule search has not been done.
#  Modification time never checked.
#  File has not been updated.

# files hash-table stats:
# Load=104/1024=10%, Rehash=0, Collisions=24/310=8%
# VPATH Search Paths

# No 'vpath' search paths.

# No general ('VPATH' variable) search path.

# strcache buffers: 1 (0) / strings = 120 / storage = 3898 B / avg = 32 B
# current buf: size = 8162 B / used = 3898 B / count = 120 / avg = 32 B

# strcache performance: lookups = 246 / hit rate = 51%
# hash-table stats:
# Load=120/8192=1%, Rehash=0, Collisions=3/246=1%
# Finished Make data base on Thu Jun 16 17:43:56 2022

 
